<?xml version="1.0" encoding="utf-8"?><testsuites name="pytest tests"><testsuite name="pytest" errors="0" failures="0" skipped="0" tests="19" time="6.233" timestamp="2026-07-03T00:07:05.332423+00:00" hostname="agent-env-13c99299-5777-414e-8f69-1730c3e4036d"><testcase classname="backend.tests.test_spp_backend.TestHealth" name="test_root" time="0.247" /><testcase classname="backend.tests.test_spp_backend.TestBriefing" name="test_briefing_shape" time="0.043" /><testcase classname="backend.tests.test_spp_backend.TestBriefing" name="test_narrative_is_executive_voice" time="0.038" /><testcase classname="backend.tests.test_spp_backend.TestBriefing" name="test_briefing_numbers" time="0.037" /><testcase classname="backend.tests.test_spp_backend.TestPortfolio" name="test_properties" time="0.082" /><testcase classname="backend.tests.test_spp_backend.TestPortfolio" name="test_property_by_id" time="0.080" /><testcase classname="backend.tests.test_spp_backend.TestPortfolio" name="test_property_not_found" time="0.076" /><testcase classname="backend.tests.test_spp_backend.TestPortfolio" name="test_tenants" time="0.077" /><testcase classname="backend.tests.test_spp_backend.TestPortfolio" name="test_contracts" time="0.073" /><testcase classname="backend.tests.test_spp_backend.TestReports" name="test_reports_list" time="0.077" /><testcase classname="backend.tests.test_spp_backend.TestKnowledge" name="test_knowledge_list" time="0.074" /><testcase classname="backend.tests.test_spp_backend.TestGuides" name="test_guides_list" time="0.078" /><testcase classname="backend.tests.test_spp_backend.TestOwner" name="test_owner" time="0.080" /><testcase classname="backend.tests.test_spp_backend.TestAncillary" name="test_decisions" time="0.036" /><testcase classname="backend.tests.test_spp_backend.TestAncillary" name="test_sensors" time="0.075" /><testcase classname="backend.tests.test_spp_backend.TestAncillary" name="test_notifications" time="0.075" /><testcase classname="backend.tests.test_spp_backend.TestAncillary" name="test_timeline" time="0.076" /><testcase classname="backend.tests.test_spp_backend.TestChat" name="test_chat_endpoint" time="3.101" /><testcase classname="backend.tests.test_spp_backend.TestChat" name="test_chat_history_persistence" time="1.724" /></testsuite></testsuites>